Sat Feb 11 2017 19:35:51 GMT-0600 (CST): GET /about
Sat Feb 11 2017 19:35:53 GMT-0600 (CST): GET /sw-import.js?baseURI=http%3A%2F%2Flocalhost%3A3000%2Fbower_components%2Fplatinum-sw%2Fplatinum-sw-register.html&clientsClaim=true&defaultCacheStrategy=networkFirst&importscript=http%3A%2F%2Flocalhost%3A3000%2Fbower_components%2Fplatinum-sw%2Fbootstrap%2Fsw-toolbox-setup.js&importscriptLate=http%3A%2F%2Flocalhost%3A3000%2Fbower_components%2Fplatinum-sw%2Fbootstrap%2Fsw-toolbox-setup.js&precache=&skipWaiting=true&version=1.0
Sat Feb 11 2017 19:35:54 GMT-0600 (CST): GET /
Sat Feb 11 2017 19:35:55 GMT-0600 (CST): GET /sw-import.js?baseURI=http%3A%2F%2Flocalhost%3A3000%2Fbower_components%2Fplatinum-sw%2Fplatinum-sw-register.html&clientsClaim=true&defaultCacheStrategy=networkFirst&importscript=http%3A%2F%2Flocalhost%3A3000%2Fbower_components%2Fplatinum-sw%2Fbootstrap%2Fsw-toolbox-setup.js&importscriptLate=http%3A%2F%2Flocalhost%3A3000%2Fbower_components%2Fplatinum-sw%2Fbootstrap%2Fsw-toolbox-setup.js&precache=&skipWaiting=true&version=1.0
Sat Feb 11 2017 19:35:55 GMT-0600 (CST): GET /about
Sat Feb 11 2017 19:35:56 GMT-0600 (CST): GET /sw-import.js?baseURI=http%3A%2F%2Flocalhost%3A3000%2Fbower_components%2Fplatinum-sw%2Fplatinum-sw-register.html&clientsClaim=true&defaultCacheStrategy=networkFirst&importscript=http%3A%2F%2Flocalhost%3A3000%2Fbower_components%2Fplatinum-sw%2Fbootstrap%2Fsw-toolbox-setup.js&importscriptLate=http%3A%2F%2Flocalhost%3A3000%2Fbower_components%2Fplatinum-sw%2Fbootstrap%2Fsw-toolbox-setup.js&precache=&skipWaiting=true&version=1.0
Sat Feb 11 2017 19:36:52 GMT-0600 (CST): GET /sw-import.js?baseURI=http%3A%2F%2Flocalhost%3A3000%2Fbower_components%2Fplatinum-sw%2Fplatinum-sw-register.html&clientsClaim=true&defaultCacheStrategy=networkFirst&importscript=http%3A%2F%2Flocalhost%3A3000%2Fbower_components%2Fplatinum-sw%2Fbootstrap%2Fsw-toolbox-setup.js&importscriptLate=http%3A%2F%2Flocalhost%3A3000%2Fbower_components%2Fplatinum-sw%2Fbootstrap%2Fsw-toolbox-setup.js&precache=&skipWaiting=true&version=1.0
Sat Feb 11 2017 19:43:51 GMT-0600 (CST): GET /about
Sat Feb 11 2017 19:43:52 GMT-0600 (CST): GET /
Sat Feb 11 2017 19:43:53 GMT-0600 (CST): GET /about
Sat Feb 11 2017 19:43:54 GMT-0600 (CST): GET /sw-import.js?baseURI=http%3A%2F%2Flocalhost%3A3000%2Fbower_components%2Fplatinum-sw%2Fplatinum-sw-register.html&clientsClaim=true&defaultCacheStrategy=networkFirst&importscript=http%3A%2F%2Flocalhost%3A3000%2Fbower_components%2Fplatinum-sw%2Fbootstrap%2Fsw-toolbox-setup.js&importscriptLate=http%3A%2F%2Flocalhost%3A3000%2Fbower_components%2Fplatinum-sw%2Fbootstrap%2Fsw-toolbox-setup.js&precache=&skipWaiting=true&version=1.0
Sat Feb 11 2017 19:44:05 GMT-0600 (CST): GET /maintenance
Sat Feb 11 2017 19:44:06 GMT-0600 (CST): GET /sw-import.js?baseURI=http%3A%2F%2Flocalhost%3A3000%2Fbower_components%2Fplatinum-sw%2Fplatinum-sw-register.html&clientsClaim=true&defaultCacheStrategy=networkFirst&importscript=http%3A%2F%2Flocalhost%3A3000%2Fbower_components%2Fplatinum-sw%2Fbootstrap%2Fsw-toolbox-setup.js&importscriptLate=http%3A%2F%2Flocalhost%3A3000%2Fbower_components%2Fplatinum-sw%2Fbootstrap%2Fsw-toolbox-setup.js&precache=&skipWaiting=true&version=1.0
Sat Feb 11 2017 19:44:43 GMT-0600 (CST): GET /maintenance
Sat Feb 11 2017 19:44:44 GMT-0600 (CST): GET /sw-import.js?baseURI=http%3A%2F%2Flocalhost%3A3000%2Fbower_components%2Fplatinum-sw%2Fplatinum-sw-register.html&clientsClaim=true&defaultCacheStrategy=networkFirst&importscript=http%3A%2F%2Flocalhost%3A3000%2Fbower_components%2Fplatinum-sw%2Fbootstrap%2Fsw-toolbox-setup.js&importscriptLate=http%3A%2F%2Flocalhost%3A3000%2Fbower_components%2Fplatinum-sw%2Fbootstrap%2Fsw-toolbox-setup.js&precache=&skipWaiting=true&version=1.0
Sat Feb 11 2017 19:44:45 GMT-0600 (CST): GET /maintenance
Sat Feb 11 2017 19:44:46 GMT-0600 (CST): GET /sw-import.js?baseURI=http%3A%2F%2Flocalhost%3A3000%2Fbower_components%2Fplatinum-sw%2Fplatinum-sw-register.html&clientsClaim=true&defaultCacheStrategy=networkFirst&importscript=http%3A%2F%2Flocalhost%3A3000%2Fbower_components%2Fplatinum-sw%2Fbootstrap%2Fsw-toolbox-setup.js&importscriptLate=http%3A%2F%2Flocalhost%3A3000%2Fbower_components%2Fplatinum-sw%2Fbootstrap%2Fsw-toolbox-setup.js&precache=&skipWaiting=true&version=1.0
Sat Feb 11 2017 19:44:47 GMT-0600 (CST): GET /
Sat Feb 11 2017 19:44:47 GMT-0600 (CST): GET /
Sat Feb 11 2017 19:44:49 GMT-0600 (CST): GET /sw-import.js?baseURI=http%3A%2F%2Flocalhost%3A3000%2Fbower_components%2Fplatinum-sw%2Fplatinum-sw-register.html&clientsClaim=true&defaultCacheStrategy=networkFirst&importscript=http%3A%2F%2Flocalhost%3A3000%2Fbower_components%2Fplatinum-sw%2Fbootstrap%2Fsw-toolbox-setup.js&importscriptLate=http%3A%2F%2Flocalhost%3A3000%2Fbower_components%2Fplatinum-sw%2Fbootstrap%2Fsw-toolbox-setup.js&precache=&skipWaiting=true&version=1.0
Sat Feb 11 2017 19:44:51 GMT-0600 (CST): GET /about
Sat Feb 11 2017 19:44:53 GMT-0600 (CST): GET /
Sat Feb 11 2017 19:44:54 GMT-0600 (CST): GET /
Sat Feb 11 2017 19:44:54 GMT-0600 (CST): GET /sw-import.js?baseURI=http%3A%2F%2Flocalhost%3A3000%2Fbower_components%2Fplatinum-sw%2Fplatinum-sw-register.html&clientsClaim=true&defaultCacheStrategy=networkFirst&importscript=http%3A%2F%2Flocalhost%3A3000%2Fbower_components%2Fplatinum-sw%2Fbootstrap%2Fsw-toolbox-setup.js&importscriptLate=http%3A%2F%2Flocalhost%3A3000%2Fbower_components%2Fplatinum-sw%2Fbootstrap%2Fsw-toolbox-setup.js&precache=&skipWaiting=true&version=1.0
Sat Feb 11 2017 19:44:55 GMT-0600 (CST): GET /sw-import.js?baseURI=http%3A%2F%2Flocalhost%3A3000%2Fbower_components%2Fplatinum-sw%2Fplatinum-sw-register.html&clientsClaim=true&defaultCacheStrategy=networkFirst&importscript=http%3A%2F%2Flocalhost%3A3000%2Fbower_components%2Fplatinum-sw%2Fbootstrap%2Fsw-toolbox-setup.js&importscriptLate=http%3A%2F%2Flocalhost%3A3000%2Fbower_components%2Fplatinum-sw%2Fbootstrap%2Fsw-toolbox-setup.js&precache=&skipWaiting=true&version=1.0
Sat Feb 11 2017 19:45:01 GMT-0600 (CST): GET /
Sat Feb 11 2017 19:45:02 GMT-0600 (CST): GET /sw-import.js?baseURI=http%3A%2F%2Flocalhost%3A3000%2Fbower_components%2Fplatinum-sw%2Fplatinum-sw-register.html&clientsClaim=true&defaultCacheStrategy=networkFirst&importscript=http%3A%2F%2Flocalhost%3A3000%2Fbower_components%2Fplatinum-sw%2Fbootstrap%2Fsw-toolbox-setup.js&importscriptLate=http%3A%2F%2Flocalhost%3A3000%2Fbower_components%2Fplatinum-sw%2Fbootstrap%2Fsw-toolbox-setup.js&precache=&skipWaiting=true&version=1.0
Sat Feb 11 2017 19:45:14 GMT-0600 (CST): GET /
Sat Feb 11 2017 19:45:16 GMT-0600 (CST): GET /sw-import.js?baseURI=http%3A%2F%2Flocalhost%3A3000%2Fbower_components%2Fplatinum-sw%2Fplatinum-sw-register.html&clientsClaim=true&defaultCacheStrategy=networkFirst&importscript=http%3A%2F%2Flocalhost%3A3000%2Fbower_components%2Fplatinum-sw%2Fbootstrap%2Fsw-toolbox-setup.js&importscriptLate=http%3A%2F%2Flocalhost%3A3000%2Fbower_components%2Fplatinum-sw%2Fbootstrap%2Fsw-toolbox-setup.js&precache=&skipWaiting=true&version=1.0
Sat Feb 11 2017 19:45:52 GMT-0600 (CST): GET /sw-import.js?baseURI=http%3A%2F%2Flocalhost%3A3000%2Fbower_components%2Fplatinum-sw%2Fplatinum-sw-register.html&clientsClaim=true&defaultCacheStrategy=networkFirst&importscript=http%3A%2F%2Flocalhost%3A3000%2Fbower_components%2Fplatinum-sw%2Fbootstrap%2Fsw-toolbox-setup.js&importscriptLate=http%3A%2F%2Flocalhost%3A3000%2Fbower_components%2Fplatinum-sw%2Fbootstrap%2Fsw-toolbox-setup.js&precache=&skipWaiting=true&version=1.0
Sat Feb 11 2017 19:46:54 GMT-0600 (CST): GET /
Sat Feb 11 2017 19:46:56 GMT-0600 (CST): GET /sw-import.js?baseURI=http%3A%2F%2Flocalhost%3A3000%2Fbower_components%2Fplatinum-sw%2Fplatinum-sw-register.html&clientsClaim=true&defaultCacheStrategy=networkFirst&importscript=http%3A%2F%2Flocalhost%3A3000%2Fbower_components%2Fplatinum-sw%2Fbootstrap%2Fsw-toolbox-setup.js&importscriptLate=http%3A%2F%2Flocalhost%3A3000%2Fbower_components%2Fplatinum-sw%2Fbootstrap%2Fsw-toolbox-setup.js&precache=&skipWaiting=true&version=1.0
Sat Feb 11 2017 19:46:56 GMT-0600 (CST): GET /
Sat Feb 11 2017 19:46:58 GMT-0600 (CST): GET /sw-import.js?baseURI=http%3A%2F%2Flocalhost%3A3000%2Fbower_components%2Fplatinum-sw%2Fplatinum-sw-register.html&clientsClaim=true&defaultCacheStrategy=networkFirst&importscript=http%3A%2F%2Flocalhost%3A3000%2Fbower_components%2Fplatinum-sw%2Fbootstrap%2Fsw-toolbox-setup.js&importscriptLate=http%3A%2F%2Flocalhost%3A3000%2Fbower_components%2Fplatinum-sw%2Fbootstrap%2Fsw-toolbox-setup.js&precache=&skipWaiting=true&version=1.0
Sat Feb 11 2017 19:47:55 GMT-0600 (CST): GET /sw-import.js?baseURI=http%3A%2F%2Flocalhost%3A3000%2Fbower_components%2Fplatinum-sw%2Fplatinum-sw-register.html&clientsClaim=true&defaultCacheStrategy=networkFirst&importscript=http%3A%2F%2Flocalhost%3A3000%2Fbower_components%2Fplatinum-sw%2Fbootstrap%2Fsw-toolbox-setup.js&importscriptLate=http%3A%2F%2Flocalhost%3A3000%2Fbower_components%2Fplatinum-sw%2Fbootstrap%2Fsw-toolbox-setup.js&precache=&skipWaiting=true&version=1.0
Sat Feb 11 2017 19:53:39 GMT-0600 (CST): GET /
Sat Feb 11 2017 19:53:41 GMT-0600 (CST): GET /sw-import.js?baseURI=http%3A%2F%2Flocalhost%3A3000%2Fbower_components%2Fplatinum-sw%2Fplatinum-sw-register.html&clientsClaim=true&defaultCacheStrategy=networkFirst&importscript=http%3A%2F%2Flocalhost%3A3000%2Fbower_components%2Fplatinum-sw%2Fbootstrap%2Fsw-toolbox-setup.js&importscriptLate=http%3A%2F%2Flocalhost%3A3000%2Fbower_components%2Fplatinum-sw%2Fbootstrap%2Fsw-toolbox-setup.js&precache=&skipWaiting=true&version=1.0
Sat Feb 11 2017 19:54:01 GMT-0600 (CST): GET /help.html
Sat Feb 11 2017 19:54:02 GMT-0600 (CST): GET /sw-import.js?baseURI=http%3A%2F%2Flocalhost%3A3000%2Fbower_components%2Fplatinum-sw%2Fplatinum-sw-register.html&clientsClaim=true&defaultCacheStrategy=networkFirst&importscript=http%3A%2F%2Flocalhost%3A3000%2Fbower_components%2Fplatinum-sw%2Fbootstrap%2Fsw-toolbox-setup.js&importscriptLate=http%3A%2F%2Flocalhost%3A3000%2Fbower_components%2Fplatinum-sw%2Fbootstrap%2Fsw-toolbox-setup.js&precache=&skipWaiting=true&version=1.0
Sat Feb 11 2017 19:54:10 GMT-0600 (CST): GET /help.html
Sat Feb 11 2017 19:54:11 GMT-0600 (CST): GET /sw-import.js?baseURI=http%3A%2F%2Flocalhost%3A3000%2Fbower_components%2Fplatinum-sw%2Fplatinum-sw-register.html&clientsClaim=true&defaultCacheStrategy=networkFirst&importscript=http%3A%2F%2Flocalhost%3A3000%2Fbower_components%2Fplatinum-sw%2Fbootstrap%2Fsw-toolbox-setup.js&importscriptLate=http%3A%2F%2Flocalhost%3A3000%2Fbower_components%2Fplatinum-sw%2Fbootstrap%2Fsw-toolbox-setup.js&precache=&skipWaiting=true&version=1.0
Sat Feb 11 2017 19:54:15 GMT-0600 (CST): GET /help.html
Sat Feb 11 2017 19:54:16 GMT-0600 (CST): GET /sw-import.js?baseURI=http%3A%2F%2Flocalhost%3A3000%2Fbower_components%2Fplatinum-sw%2Fplatinum-sw-register.html&clientsClaim=true&defaultCacheStrategy=networkFirst&importscript=http%3A%2F%2Flocalhost%3A3000%2Fbower_components%2Fplatinum-sw%2Fbootstrap%2Fsw-toolbox-setup.js&importscriptLate=http%3A%2F%2Flocalhost%3A3000%2Fbower_components%2Fplatinum-sw%2Fbootstrap%2Fsw-toolbox-setup.js&precache=&skipWaiting=true&version=1.0
Sat Feb 11 2017 19:54:19 GMT-0600 (CST): GET /
Sat Feb 11 2017 19:54:20 GMT-0600 (CST): GET /sw-import.js?baseURI=http%3A%2F%2Flocalhost%3A3000%2Fbower_components%2Fplatinum-sw%2Fplatinum-sw-register.html&clientsClaim=true&defaultCacheStrategy=networkFirst&importscript=http%3A%2F%2Flocalhost%3A3000%2Fbower_components%2Fplatinum-sw%2Fbootstrap%2Fsw-toolbox-setup.js&importscriptLate=http%3A%2F%2Flocalhost%3A3000%2Fbower_components%2Fplatinum-sw%2Fbootstrap%2Fsw-toolbox-setup.js&precache=&skipWaiting=true&version=1.0
Sat Feb 11 2017 19:55:10 GMT-0600 (CST): GET /sw-import.js?baseURI=http%3A%2F%2Flocalhost%3A3000%2Fbower_components%2Fplatinum-sw%2Fplatinum-sw-register.html&clientsClaim=true&defaultCacheStrategy=networkFirst&importscript=http%3A%2F%2Flocalhost%3A3000%2Fbower_components%2Fplatinum-sw%2Fbootstrap%2Fsw-toolbox-setup.js&importscriptLate=http%3A%2F%2Flocalhost%3A3000%2Fbower_components%2Fplatinum-sw%2Fbootstrap%2Fsw-toolbox-setup.js&precache=&skipWaiting=true&version=1.0
